Построение начато 08.02.2017 22:41:22.
     1>Проект "D:\Labs\PC\PCLab1\PCLab1\PCLab1.vcxproj" в узле 2 (целевые объекты Build).
     1>ClCompile:
         C:\Program Files (x86)\Microsoft Visual Studio 11.0\VC\bin\CL.exe /c /ZI /nologo /W3 /WX- /Od /Oy- /D WIN32 /D _DEBUG /D _CONSOLE /D _USING_V110_SDK71_ /D _UNICODE /D UNICODE /Gm /EHsc /RTC1 /MDd /GS /fp:precise /Zc:wchar_t /Zc:forScope /Fo"Debug\\" /Fd"Debug\vc110.pdb" /Gd /TP /analyze- /errorReport:prompt Operate.cpp
         Operate.cpp
     1>d:\labs\pc\pclab1\pclab1\operate.cpp(47): warning C4996: 'getch': The POSIX name for this item is deprecated. Instead, use the ISO C++ conformant name: _getch. See online help for details.
                 c:\program files (x86)\microsoft visual studio 11.0\vc\include\conio.h(131): см. объявление "getch"
     1>d:\labs\pc\pclab1\pclab1\operate.cpp(54): warning C4996: 'getch': The POSIX name for this item is deprecated. Instead, use the ISO C++ conformant name: _getch. See online help for details.
                 c:\program files (x86)\microsoft visual studio 11.0\vc\include\conio.h(131): см. объявление "getch"
     1>d:\labs\pc\pclab1\pclab1\operate.cpp(152): warning C4996: 'getch': The POSIX name for this item is deprecated. Instead, use the ISO C++ conformant name: _getch. See online help for details.
                 c:\program files (x86)\microsoft visual studio 11.0\vc\include\conio.h(131): см. объявление "getch"
     1>d:\labs\pc\pclab1\pclab1\operate.cpp(163): warning C4244: инициализация: преобразование "float" в "unsigned int", возможна потеря данных
     1>d:\labs\pc\pclab1\pclab1\operate.cpp(245): warning C4244: +=: преобразование "double" в "float", возможна потеря данных
     1>d:\labs\pc\pclab1\pclab1\operate.cpp(250): warning C4244: инициализация: преобразование "float" в "unsigned short", возможна потеря данных
     1>d:\labs\pc\pclab1\pclab1\operate.cpp(285): warning C4996: 'getch': The POSIX name for this item is deprecated. Instead, use the ISO C++ conformant name: _getch. See online help for details.
                 c:\program files (x86)\microsoft visual studio 11.0\vc\include\conio.h(131): см. объявление "getch"
     1>d:\labs\pc\pclab1\pclab1\operate.cpp(313): warning C4996: 'getch': The POSIX name for this item is deprecated. Instead, use the ISO C++ conformant name: _getch. See online help for details.
                 c:\program files (x86)\microsoft visual studio 11.0\vc\include\conio.h(131): см. объявление "getch"
     1>d:\labs\pc\pclab1\pclab1\operate.cpp(367): warning C4996: 'getch': The POSIX name for this item is deprecated. Instead, use the ISO C++ conformant name: _getch. See online help for details.
                 c:\program files (x86)\microsoft visual studio 11.0\vc\include\conio.h(131): см. объявление "getch"
     1>d:\labs\pc\pclab1\pclab1\operate.cpp(395): warning C4996: 'getch': The POSIX name for this item is deprecated. Instead, use the ISO C++ conformant name: _getch. See online help for details.
                 c:\program files (x86)\microsoft visual studio 11.0\vc\include\conio.h(131): см. объявление "getch"
       Link:
         C:\Program Files (x86)\Microsoft Visual Studio 11.0\VC\bin\link.exe /ERRORREPORT:PROMPT /OUT:"D:\Labs\PC\PCLab1\Debug\PCLab1.exe" /INCREMENTAL /NOLOGO kernel32.lib user32.lib gdi32.lib winspool.lib comdlg32.lib advapi32.lib shell32.lib ole32.lib oleaut32.lib uuid.lib odbc32.lib odbccp32.lib /MANIFEST /MANIFESTUAC:"level='asInvoker' uiAccess='false'" /manifest:embed /DEBUG /PDB:"D:\Labs\PC\PCLab1\Debug\PCLab1.pdb" /SUBSYSTEM:CONSOLE,"5.01" /TLBID:1 /DYNAMICBASE /NXCOMPAT /IMPLIB:"D:\Labs\PC\PCLab1\Debug\PCLab1.lib" /MACHINE:X86 Debug\Input.obj
         Debug\Operate.obj
         Debug\Souce.obj
         PCLab1.vcxproj -> D:\Labs\PC\PCLab1\Debug\PCLab1.exe
     1>Построение проекта "D:\Labs\PC\PCLab1\PCLab1\PCLab1.vcxproj" завершено (целевые объекты Build).

Построение успешно завершено.

Затраченное время: 00:00:01.56
